Using pre-set license
Built from '2020.3/staging' branch; Version is '2020.3.22f1 (e1a7f79fd887) revision 14788599'; Using compiler version '192528614'; Build Type 'Release'
OS: 'Windows 10 Pro; OS build 19042.1348; Version 2009; 64bit' Language: 'pt' Physical Memory: 8128 MB
BatchMode: 1, IsHumanControllingUs: 0, StartBugReporterOnCrash: 0, Is64bit: 1, IsPro: 0

COMMAND LINE ARGUMENTS:
D:\2020.3.22f1\Editor\Unity.exe
-adb2
-batchMode
-noUpm
-name
AssetImportWorker0
-projectPath
C:/Users/200ne.DESKTOP-8SUNS3K/Documents/GitHub/TCC-foda/Modorra
-logFile
Logs/AssetImportWorker0.log
-srvPort
62540
Successfully changed project path to: C:/Users/200ne.DESKTOP-8SUNS3K/Documents/GitHub/TCC-foda/Modorra
C:/Users/200ne.DESKTOP-8SUNS3K/Documents/GitHub/TCC-foda/Modorra
Using Asset Import Pipeline V2.
Refreshing native plugins compatible for Editor in 53.91 ms, found 3 plugins.
Preloading 0 native plugins for Editor in 0.00 ms.
Initialize engine version: 2020.3.22f1 (e1a7f79fd887)
[Subsystems] Discovering subsystems at path D:/2020.3.22f1/Editor/Data/Resources/UnitySubsystems
[Subsystems] Discovering subsystems at path C:/Users/200ne.DESKTOP-8SUNS3K/Documents/GitHub/TCC-foda/Modorra/Assets
GfxDevice: creating device client; threaded=0
Direct3D:
    Version:  Direct3D 11.0 [level 11.1]
    Renderer: NVIDIA GeForce GTX 1060 6GB (ID=0x1b83)
    Vendor:   
    VRAM:     6052 MB
    Driver:   30.0.14.9613
Initialize mono
Mono path[0] = 'D:/2020.3.22f1/Editor/Data/Managed'
Mono path[1] = 'D:/2020.3.22f1/Editor/Data/MonoBleedingEdge/lib/mono/unityjit'
Mono config path = 'D:/2020.3.22f1/Editor/Data/MonoBleedingEdge/etc'
Using monoOptions --debugger-agent=transport=dt_socket,embedding=1,server=y,suspend=n,address=127.0.0.1:56652
Begin MonoManager ReloadAssembly
Error scanning for extension ivy.xml files: System.IO.IOException: Error 1392
  at System.IO.__Error.WinIOError (System.Int32 errorCode, System.String maybeFullPath) [0x00219] in <695d1cc93cca45069c528c15c9fdd749>:0 
  at System.IO.FileSystemEnumerableIterator`1[TSource].HandleError (System.Int32 hr, System.String path) [0x00006] in <695d1cc93cca45069c528c15c9fdd749>:0 
  at System.IO.FileSystemEnumerableIterator`1[TSource].MoveNext () [0x00101] in <695d1cc93cca45069c528c15c9fdd749>:0 
  at System.Collections.Generic.List`1[T]..ctor (System.Collections.Generic.IEnumerable`1[T] collection) [0x00077] in <695d1cc93cca45069c528c15c9fdd749>:0 
  at System.IO.Directory.InternalGetFileDirectoryNames (System.String path, System.String userPathOriginal, System.String searchPattern, System.Boolean includeFiles, System.Boolean includeDirs, System.IO.SearchOption searchOption, System.Boolean checkHost) [0x0000f] in <695d1cc93cca45069c528c15c9fdd749>:0 
  at System.IO.Directory.InternalGetFiles (System.String path, System.String searchPattern, System.IO.SearchOption searchOption) [0x00000] in <695d1cc93cca45069c528c15c9fdd749>:0 
  at System.IO.Directory.GetFiles (System.String path, System.String searchPattern, System.IO.SearchOption searchOption) [0x00038] in <695d1cc93cca45069c528c15c9fdd749>:0 
  at UnityEditor.Modules.ModuleManager.LoadLegacyExtensionsFromIvyFiles () [0x000a5] in <2cd7ebc9c2ef4276a8edbc7de85c89ce>:0 
Registering precompiled unity dll's ...
Register platform support module: D:/2020.3.22f1/Editor/Data/PlaybackEngines/WindowsStandaloneSupport/UnityEditor.WindowsStandalone.Extensions.dll
Registered in 0.001651 seconds.
Native extension for WindowsStandalone target not found
Refreshing native plugins compatible for Editor in 51.61 ms, found 3 plugins.
Preloading 0 native plugins for Editor in 0.00 ms.
Mono: successfully reloaded assembly
- Completed reload, in  0.708 seconds
Domain Reload Profiling:
	ReloadAssembly (708ms)
		BeginReloadAssembly (92ms)
			ExecutionOrderSort (0ms)
			DisableScriptedObjects (0ms)
			BackupInstance (0ms)
			ReleaseScriptingObjects (0ms)
			CreateAndSetChildDomain (1ms)
		EndReloadAssembly (485ms)
			LoadAssemblies (92ms)
			RebuildTransferFunctionScriptingTraits (0ms)
			SetupTypeCache (163ms)
			ReleaseScriptCaches (0ms)
			RebuildScriptCaches (31ms)
			SetupLoadedEditorAssemblies (189ms)
				LogAssemblyErrors (0ms)
				InitializePlatformSupportModulesInManaged (4ms)
				SetLoadedEditorAssemblies (0ms)
				RefreshPlugins (52ms)
				BeforeProcessingInitializeOnLoad (9ms)
				ProcessInitializeOnLoadAttributes (91ms)
				ProcessInitializeOnLoadMethodAttributes (32ms)
				AfterProcessingInitializeOnLoad (0ms)
				EditorAssembliesLoaded (0ms)
			ExecutionOrderSort2 (0ms)
			AwakeInstancesAfterBackupRestoration (0ms)
Platform modules already initialized, skipping
Registering precompiled user dll's ...
Registered in 0.007715 seconds.
Begin MonoManager ReloadAssembly
Native extension for WindowsStandalone target not found
Refreshing native plugins compatible for Editor in 50.90 ms, found 3 plugins.
Preloading 0 native plugins for Editor in 0.00 ms.
Mono: successfully reloaded assembly
- Completed reload, in  1.275 seconds
Domain Reload Profiling:
	ReloadAssembly (1276ms)
		BeginReloadAssembly (195ms)
			ExecutionOrderSort (0ms)
			DisableScriptedObjects (5ms)
			BackupInstance (0ms)
			ReleaseScriptingObjects (0ms)
			CreateAndSetChildDomain (22ms)
		EndReloadAssembly (1013ms)
			LoadAssemblies (141ms)
			RebuildTransferFunctionScriptingTraits (0ms)
			SetupTypeCache (331ms)
			ReleaseScriptCaches (1ms)
			RebuildScriptCaches (52ms)
			SetupLoadedEditorAssemblies (375ms)
				LogAssemblyErrors (0ms)
				InitializePlatformSupportModulesInManaged (4ms)
				SetLoadedEditorAssemblies (0ms)
				RefreshPlugins (51ms)
				BeforeProcessingInitializeOnLoad (77ms)
				ProcessInitializeOnLoadAttributes (220ms)
				ProcessInitializeOnLoadMethodAttributes (19ms)
				AfterProcessingInitializeOnLoad (3ms)
				EditorAssembliesLoaded (0ms)
			ExecutionOrderSort2 (0ms)
			AwakeInstancesAfterBackupRestoration (7ms)
Platform modules already initialized, skipping
========================================================================
Worker process is ready to serve import requests
Launched and connected shader compiler UnityShaderCompiler.exe after 3.48 seconds
Refreshing native plugins compatible for Editor in 0.78 ms, found 3 plugins.
Preloading 0 native plugins for Editor in 0.00 ms.
Unloading 2249 Unused Serialized files (Serialized files now loaded: 0)
System memory in use before: 99.1 MB.
System memory in use after: 99.2 MB.

Unloading 28 unused Assets to reduce memory usage. Loaded Objects now: 2684.
Total: 3.636100 ms (FindLiveObjects: 0.278000 ms CreateObjectMapping: 0.056800 ms MarkObjects: 3.210900 ms  DeleteObjects: 0.088700 ms)

AssetImportParameters requested are different than current active one (requested -> active):
  custom:framework-win-MediaFoundation: 216162199b28c13a410421893ffa2e32 -> 
  custom:video-decoder-ogg-theora: a1e56fd34408186e4bbccfd4996cb3dc -> 
  custom:container-muxer-webm: aa71ff27fc2769a1b78a27578f13a17b -> 
  custom:container-demuxer-webm: 4f35f7cbe854078d1ac9338744f61a02 -> 
  custom:container-demuxer-ogg: 62fdf1f143b41e24485cea50d1cbac27 -> 
  custom:video-encoder-webm-vp8: eb34c28f22e8b96e1ab97ce403110664 -> 
  custom:video-decoder-webm-vp8: 9c59270c3fd7afecdb556c50c9e8de78 -> 
  custom:audio-decoder-ogg-vorbis: bf7c407c2cedff20999df2af8eb42d56 -> 
  custom:audio-encoder-webm-vorbis: bf7c407c2cedff20999df2af8eb42d56 -> 
========================================================================
Received Import Request.
  path: Assets/Sprites/CavernaBC.png
  artifactKey: Guid(d053c43c149c35f469b79ce5fcbda55b) Importer(815301076,1909f56bfc062723c751e8b465ee728b)
Start importing Assets/Sprites/CavernaBC.png using Guid(d053c43c149c35f469b79ce5fcbda55b) Importer(815301076,1909f56bfc062723c751e8b465ee728b)  -> (artifact id: '7521f1cf34e1dbf7758a35aee87216e2') in 0.134666 seconds 
  Import took 0.139738 seconds .

========================================================================
Received Import Request.
  Time since last request: 0.000328 seconds.
  path: Assets/Sprites/Player/PlayerAtaque.png
  artifactKey: Guid(b317c6d6b06d8a24eb70f1b8f697bb06) Importer(815301076,1909f56bfc062723c751e8b465ee728b)
Start importing Assets/Sprites/Player/PlayerAtaque.png using Guid(b317c6d6b06d8a24eb70f1b8f697bb06) Importer(815301076,1909f56bfc062723c751e8b465ee728b)  -> (artifact id: 'd6ec9c18d2f4e012ae465f769e00e950') in 0.019245 seconds 
  Import took 0.024382 seconds .

========================================================================
Received Import Request.
  Time since last request: 0.000267 seconds.
  path: Assets/Sprites/DecCaverna1.png
  artifactKey: Guid(e7ff354388afe3e4ab740f636a485eb8) Importer(815301076,1909f56bfc062723c751e8b465ee728b)
Start importing Assets/Sprites/DecCaverna1.png using Guid(e7ff354388afe3e4ab740f636a485eb8) Importer(815301076,1909f56bfc062723c751e8b465ee728b)  -> (artifact id: '2199a882a49b9079ba0c2ed038f13d6f') in 0.016045 seconds 
  Import took 0.020232 seconds .

========================================================================
Received Import Request.
  Time since last request: 0.000349 seconds.
  path: Assets/Sprites/Player/PlayerMorrer.png
  artifactKey: Guid(83d383444ef0e374a81976d18e8a21ec) Importer(815301076,1909f56bfc062723c751e8b465ee728b)
Start importing Assets/Sprites/Player/PlayerMorrer.png using Guid(83d383444ef0e374a81976d18e8a21ec) Importer(815301076,1909f56bfc062723c751e8b465ee728b)  -> (artifact id: '84f83bff7c9344dfd02309faa13021d5') in 0.039193 seconds 
  Import took 0.043770 seconds .

========================================================================
Received Import Request.
  Time since last request: 0.000282 seconds.
  path: Assets/Sprites/coracaoes.png
  artifactKey: Guid(cbe434c80ba3a784ea96fc9d9ac96627) Importer(815301076,1909f56bfc062723c751e8b465ee728b)
Start importing Assets/Sprites/coracaoes.png using Guid(cbe434c80ba3a784ea96fc9d9ac96627) Importer(815301076,1909f56bfc062723c751e8b465ee728b)  -> (artifact id: '5bc88a4202c73941996c049fe9240079') in 0.016401 seconds 
  Import took 0.022072 seconds .

========================================================================
Received Import Request.
  Time since last request: 0.000304 seconds.
  path: Assets/Sprites/CavernaBC2.png
  artifactKey: Guid(79f99977031836247acea7ec4379aa29) Importer(815301076,1909f56bfc062723c751e8b465ee728b)
Start importing Assets/Sprites/CavernaBC2.png using Guid(79f99977031836247acea7ec4379aa29) Importer(815301076,1909f56bfc062723c751e8b465ee728b)  -> (artifact id: 'a35def81358f11e806d9a05d213fa108') in 0.041837 seconds 
  Import took 0.046995 seconds .

========================================================================
Received Import Request.
  Time since last request: 0.000259 seconds.
  path: Assets/Sprites/Player/PlayerCorrendo.png
  artifactKey: Guid(940f92ea0f4a6f64b88f8e39afc61f89) Importer(815301076,1909f56bfc062723c751e8b465ee728b)
Start importing Assets/Sprites/Player/PlayerCorrendo.png using Guid(940f92ea0f4a6f64b88f8e39afc61f89) Importer(815301076,1909f56bfc062723c751e8b465ee728b)  -> (artifact id: '50976cec39d132f12e6d249f8cf9a741') in 0.034668 seconds 
  Import took 0.038975 seconds .

========================================================================
Received Import Request.
  Time since last request: 0.000269 seconds.
  path: Assets/Sprites/DecCaverna3.png
  artifactKey: Guid(ab0032db1af654640ae7aed6b8f09a98) Importer(815301076,1909f56bfc062723c751e8b465ee728b)
Start importing Assets/Sprites/DecCaverna3.png using Guid(ab0032db1af654640ae7aed6b8f09a98) Importer(815301076,1909f56bfc062723c751e8b465ee728b)  -> (artifact id: '2fea46e190667a57ad96bd9bb98e845f') in 0.015331 seconds 
  Import took 0.019355 seconds .

========================================================================
Received Import Request.
  Time since last request: 0.000248 seconds.
  path: Assets/Sprites/Player/PlayerMergulho.png
  artifactKey: Guid(d3124936be24af84dafccc15ec78ecf8) Importer(815301076,1909f56bfc062723c751e8b465ee728b)
Start importing Assets/Sprites/Player/PlayerMergulho.png using Guid(d3124936be24af84dafccc15ec78ecf8) Importer(815301076,1909f56bfc062723c751e8b465ee728b)  -> (artifact id: '0674d1aabfc4b554e5fd3f45f4f266cc') in 0.029683 seconds 
  Import took 0.034659 seconds .

========================================================================
Received Import Request.
  Time since last request: 0.000304 seconds.
  path: Assets/Sprites/DecCaverna2.png
  artifactKey: Guid(bb9fa3aa3655fec45b5377f286250d4b) Importer(815301076,1909f56bfc062723c751e8b465ee728b)
Start importing Assets/Sprites/DecCaverna2.png using Guid(bb9fa3aa3655fec45b5377f286250d4b) Importer(815301076,1909f56bfc062723c751e8b465ee728b)  -> (artifact id: '93d4b6ba36fb6fd24a702575fc18caa6') in 0.011961 seconds 
  Import took 0.016162 seconds .

========================================================================
Received Import Request.
  Time since last request: 0.000262 seconds.
  path: Assets/Sprites/corte.png
  artifactKey: Guid(7f452963248abaa45a06d6961c59fc97) Importer(815301076,1909f56bfc062723c751e8b465ee728b)
Start importing Assets/Sprites/corte.png using Guid(7f452963248abaa45a06d6961c59fc97) Importer(815301076,1909f56bfc062723c751e8b465ee728b)  -> (artifact id: '0ea1b4850b8e9413cfbf66a603f5dd88') in 0.019281 seconds 
  Import took 0.023792 seconds .

========================================================================
Received Import Request.
  Time since last request: 0.000299 seconds.
  path: Assets/Sprites/Player/PlayerParado.png
  artifactKey: Guid(3bcdeb84ebdb04e44ac7aaf6703f03df) Importer(815301076,1909f56bfc062723c751e8b465ee728b)
Start importing Assets/Sprites/Player/PlayerParado.png using Guid(3bcdeb84ebdb04e44ac7aaf6703f03df) Importer(815301076,1909f56bfc062723c751e8b465ee728b)  -> (artifact id: '1faedb207d8ec309dec50e0e8dbbc961') in 0.014351 seconds 
  Import took 0.018268 seconds .

========================================================================
Received Import Request.
  Time since last request: 0.000297 seconds.
  path: Assets/Sprites/DecCaverna4.png
  artifactKey: Guid(2dad6ac269c574f4daa57fd05bcf626d) Importer(815301076,1909f56bfc062723c751e8b465ee728b)
Start importing Assets/Sprites/DecCaverna4.png using Guid(2dad6ac269c574f4daa57fd05bcf626d) Importer(815301076,1909f56bfc062723c751e8b465ee728b)  -> (artifact id: '6edd6b6e97c9b938d494eb36267caa4a') in 0.015376 seconds 
  Import took 0.019067 seconds .

AssetImportWorkerClient::OnTransportError - code=2 error=End of file
